<?xml version="1.0" encoding="UTF-8"?>
<testsuite xmlns:xsi="http://www.w3.org/2001/XMLSchema-instance" xsi:noNamespaceSchemaLocation="https://maven.apache.org/surefire/maven-surefire-plugin/xsd/surefire-test-report.xsd" name="uoa.assignment1.character.CharacterTests" time="0.039" tests="9" errors="0" skipped="0" failures="1">
  <properties>
    <property name="awt.toolkit" value="sun.awt.X11.XToolkit"/>
    <property name="java.specification.version" value="11"/>
    <property name="sun.cpu.isalist" value=""/>
    <property name="sun.jnu.encoding" value="UTF-8"/>
    <property name="java.class.path" value="/home/codio/workspace/CS2020_CA1/maksim_listsenko/target/test-classes:/home/codio/workspace/CS2020_CA1/maksim_listsenko/target/classes:/home/codio/.m2/repository/junit/junit/4.11/junit-4.11.jar:/home/codio/.m2/repository/org/hamcrest/hamcrest-core/1.3/hamcrest-core-1.3.jar:"/>
    <property name="java.vm.vendor" value="Azul Systems, Inc."/>
    <property name="sun.arch.data.model" value="64"/>
    <property name="java.vendor.url" value="http://www.azulsystems.com/"/>
    <property name="user.timezone" value=""/>
    <property name="java.vm.specification.version" value="11"/>
    <property name="os.name" value="Linux"/>
    <property name="sun.java.launcher" value="SUN_STANDARD"/>
    <property name="user.country" value="US"/>
    <property name="sun.boot.library.path" value="/usr/lib/jvm/zulu-11-amd64/lib"/>
    <property name="sun.java.command" value="/home/codio/workspace/CS2020_CA1/maksim_listsenko/target/surefire/surefirebooter13885125855492997387.jar /home/codio/workspace/CS2020_CA1/maksim_listsenko/target/surefire 2021-11-07T01-15-46_699-jvmRun1 surefire11119551554096123295tmp surefire_017289951312369879177tmp"/>
    <property name="jdk.debug" value="release"/>
    <property name="surefire.test.class.path" value="/home/codio/workspace/CS2020_CA1/maksim_listsenko/target/test-classes:/home/codio/workspace/CS2020_CA1/maksim_listsenko/target/classes:/home/codio/.m2/repository/junit/junit/4.11/junit-4.11.jar:/home/codio/.m2/repository/org/hamcrest/hamcrest-core/1.3/hamcrest-core-1.3.jar:"/>
    <property name="sun.cpu.endian" value="little"/>
    <property name="user.home" value="/home/codio"/>
    <property name="user.language" value="en"/>
    <property name="java.specification.vendor" value="Oracle Corporation"/>
    <property name="java.version.date" value="2020-07-14"/>
    <property name="java.home" value="/usr/lib/jvm/zulu-11-amd64"/>
    <property name="file.separator" value="/"/>
    <property name="basedir" value="/home/codio/workspace/CS2020_CA1/maksim_listsenko"/>
    <property name="java.vm.compressedOopsMode" value="32-bit"/>
    <property name="line.separator" value="&#10;"/>
    <property name="java.specification.name" value="Java Platform API Specification"/>
    <property name="java.vm.specification.vendor" value="Oracle Corporation"/>
    <property name="jdk.vendor.version" value="Zulu11.41+23-CA"/>
    <property name="java.awt.graphicsenv" value="sun.awt.X11GraphicsEnvironment"/>
    <property name="surefire.real.class.path" value="/home/codio/workspace/CS2020_CA1/maksim_listsenko/target/surefire/surefirebooter13885125855492997387.jar"/>
    <property name="sun.management.compiler" value="HotSpot 64-Bit Tiered Compilers"/>
    <property name="java.runtime.version" value="11.0.8+10-LTS"/>
    <property name="user.name" value="codio"/>
    <property name="path.separator" value=":"/>
    <property name="os.version" value="5.4.0-1035-aws"/>
    <property name="java.runtime.name" value="OpenJDK Runtime Environment"/>
    <property name="file.encoding" value="UTF-8"/>
    <property name="java.vm.name" value="OpenJDK 64-Bit Server VM"/>
    <property name="java.vendor.version" value="Zulu11.41+23-CA"/>
    <property name="localRepository" value="/home/codio/.m2/repository"/>
    <property name="java.vendor.url.bug" value="http://www.azulsystems.com/support/"/>
    <property name="java.io.tmpdir" value="/tmp"/>
    <property name="java.version" value="11.0.8"/>
    <property name="user.dir" value="/home/codio/workspace/CS2020_CA1/maksim_listsenko"/>
    <property name="os.arch" value="amd64"/>
    <property name="java.vm.specification.name" value="Java Virtual Machine Specification"/>
    <property name="java.awt.printerjob" value="sun.print.PSPrinterJob"/>
    <property name="sun.os.patch.level" value="unknown"/>
    <property name="java.library.path" value="/usr/java/packages/lib:/usr/lib64:/lib64:/lib:/usr/lib"/>
    <property name="java.vm.info" value="mixed mode"/>
    <property name="java.vendor" value="Azul Systems, Inc."/>
    <property name="java.vm.version" value="11.0.8+10-LTS"/>
    <property name="sun.io.unicode.encoding" value="UnicodeLittle"/>
    <property name="java.class.version" value="55.0"/>
  </properties>
  <testcase name="checkMonsterClassFailedfulAttack" classname="uoa.assignment1.character.CharacterTests" time="0"/>
  <testcase name="checkIfMonsterDecidesRandomly" classname="uoa.assignment1.character.CharacterTests" time="0">
    <failure message="&amp;#27;[47m&amp;#27;[30mMake sure the class Monster contains a method decideMove() as per T4.2 and all previous tasks have been completed.&amp;#27;[0mjava.lang.AssertionError: &amp;#27;[47m&amp;#27;[30mIs your method Monster.decideMove() really random Our test on 100k tries shows that these many decisions were generated for each category up:0 down:0 left:0 right:0 See task 1.5 instructions&amp;#27;[0m" type="java.lang.AssertionError"><![CDATA[java.lang.AssertionError: &amp#27;[47m&amp#27;[30mMake sure the class Monster contains a method decideMove() as per T4.2 and all previous tasks have been completed.&amp#27;[0mjava.lang.AssertionError: &amp#27;[47m&amp#27;[30mIs your method Monster.decideMove() really random Our test on 100k tries shows that these many decisions were generated for each category up:0 down:0 left:0 right:0 See task 1.5 instructions&amp#27;[0m
	at uoa.assignment1.character.CharacterTests.checkIfMonsterDecidesRandomly(CharacterTests.java:325)
]]></failure>
  </testcase>
  <testcase name="checkHealthFunctionality" classname="uoa.assignment1.character.CharacterTests" time="0"/>
  <testcase name="checkIfPlayerDefenceLooksRandom" classname="uoa.assignment1.character.CharacterTests" time="0.017"/>
  <testcase name="checkIfMonsterDefenceLooksRandom" classname="uoa.assignment1.character.CharacterTests" time="0.013"/>
  <testcase name="checkPlayerClassSuccesfulAttack" classname="uoa.assignment1.character.CharacterTests" time="0"/>
  <testcase name="checkMonsterClassSuccesfulAttack" classname="uoa.assignment1.character.CharacterTests" time="0.001"/>
  <testcase name="checkSayName" classname="uoa.assignment1.character.CharacterTests" time="0.001"/>
  <testcase name="checkPlayerClassFailedfulAttack" classname="uoa.assignment1.character.CharacterTests" time="0"/>
</testsuite>